"../../../Engine/Content/EngineMaterials/T_Default_Material_Grid_N.uasset" 0
"../../../Engine/Content/EngineMaterials/T_Default_Material_Grid_M.uasset" 1
"../../../Engine/Content/Functions/Engine_MaterialFunctions01/Opacity/CameraDepthFade.uasset" 2
"../../../Engine/Content/EngineMaterials/WorldGridMaterial.uasset" 3
"../../../Engine/Content/ArtTools/RenderToTexture/Meshes/S_1_Unit_Plane.uasset" 4
"../../../Engine/Content/EngineMaterials/DefaultMaterial.uasset" 5
"../../../Engine/Content/BasicShapes/Cone.uasset" 6
"../../../Engine/Content/BasicShapes/Cube.uasset" 7
"../../../Engine/Content/BasicShapes/Plane.uasset" 8
"../../../Engine/Content/BasicShapes/Sphere.uasset" 9
"../../../Engine/Content/EngineMaterials/DefaultPhysicalMaterial.uasset" 10
"../../../Engine/Content/BufferVisualization/AmbientOcclusion.uasset" 11
"../../../Engine/Content/Functions/Engine_MaterialFunctions02/Utility/AppendMany.uasset" 12
"../../../Engine/Content/BufferVisualization/Anisotropy.uasset" 13
"../../../Engine/Content/BufferVisualization/BaseColor.uasset" 14
"../../../Engine/Content/BufferVisualization/CustomDepth.uasset" 15
"../../../Engine/Content/Functions/Engine_MaterialFunctions02/Utility/VectorLength.uasset" 16
"../../../Engine/Content/BufferVisualization/CustomDepthWorldUnits.uasset" 17
"../../../Engine/Content/EngineMaterials/MiniFont.uasset" 18
"../../../Engine/Content/Functions/Engine_MaterialFunctions02/Utility/MakeFloat3.uasset" 19
"../../../Engine/Content/Functions/Engine_MaterialFunctions02/Utility/MakeFloat2.uasset" 20
"../../../Engine/Content/Functions/Engine_MaterialFunctions02/ScreenResolution.uasset" 21
"../../../Engine/Content/Functions/Engine_MaterialFunctions02/Utility/BreakOutFloat2Components.uasset" 22
"../../../Engine/Content/Functions/Engine_MaterialFunctions01/Texturing/ScaleUVsByCenter.uasset" 23
"../../../Engine/Content/Functions/Engine_MaterialFunctions02/Texturing/ScreenAlignedUVs.uasset" 24
"../../../Engine/Content/BufferVisualization/CustomStencil.uasset" 25
"../../../Engine/Content/BufferVisualization/FinalImage.uasset" 26
"../../../Engine/Content/BufferVisualization/LightingModel.uasset" 27
"../../../Engine/Content/BufferVisualization/MaterialAO.uasset" 28
"../../../Engine/Content/BufferVisualization/Metallic.uasset" 29
"../../../Engine/Content/BufferVisualization/Opacity.uasset" 30
"../../../Engine/Content/BufferVisualization/PostTonemapHDRColor.uasset" 31
"../../../Engine/Content/BufferVisualization/PreTonemapHDRColor.uasset" 32
"../../../Engine/Content/BufferVisualization/Roughness.uasset" 33
"../../../Engine/Content/BufferVisualization/SceneColor.uasset" 34
"../../../Engine/Content/BufferVisualization/SceneDepth.uasset" 35
"../../../Engine/Content/BufferVisualization/SceneDepthWorldUnits.uasset" 36
"../../../Engine/Content/BufferVisualization/SeparateTranslucencyA.uasset" 37
"../../../Engine/Content/BufferVisualization/SeparateTranslucencyRGB.uasset" 38
"../../../Engine/Content/BufferVisualization/Specular.uasset" 39
"../../../Engine/Content/BufferVisualization/SubsurfaceColor.uasset" 40
"../../../Engine/Content/BufferVisualization/Velocity.uasset" 41
"../../../Engine/Content/BufferVisualization/WorldNormal.uasset" 42
"../../../Engine/Content/BufferVisualization/WorldTangent.uasset" 43
"../../../Engine/Content/EditorLandscapeResources/DataLayer.uasset" 44
"../../../Engine/Content/EditorLandscapeResources/DefaultAlphaTexture.uasset" 45
"../../../Engine/Content/EditorLandscapeResources/LandscapeGizmoHeight_Mat.uasset" 46
"../../../Engine/Content/EditorLandscapeResources/LandscapeGizmo_Mat.uasset" 47
"../../../Engine/Content/EditorLandscapeResources/LandscapeGizmo_Mat_Copied.uasset" 48
"../../../Engine/Content/EditorLandscapeResources/SplineEditorMeshMat.uasset" 49
"../../../Engine/Content/EditorLandscapeResources/SplineEditorMesh.uasset" 50
"../../../Engine/Content/EditorMaterials/Cross.uasset" 51
"../../../Engine/Content/EditorMaterials/Cross_Mat.uasset" 52
"../../../Engine/Content/EditorResources/T_EditorHelp.uasset" 53
"../../../Engine/Content/Functions/Engine_MaterialFunctions02/Utility/Sign.uasset" 54
"../../../Engine/Content/Functions/Engine_MaterialFunctions02/Utility/Round.uasset" 55
"../../../Engine/Content/Functions/Engine_MaterialFunctions02/ExampleContent/Textures/DebugNumberPeriod.uasset" 56
"../../../Engine/Content/Functions/Engine_MaterialFunctions02/ExampleContent/DebugNumberStrip.uasset" 57
"../../../Engine/Content/EngineMaterials/DefaultDiffuse.uasset" 58
"../../../Engine/Content/Functions/Engine_MaterialFunctions01/Texturing/TextureCropping.uasset" 59
"../../../Engine/Content/Functions/Engine_MaterialFunctions01/Texturing/ComputeMipLevel.uasset" 60
"../../../Engine/Content/Functions/Engine_MaterialFunctions02/Utility/DebugScalarValues.uasset" 61
"../../../Engine/Content/Functions/Engine_MaterialFunctions02/Utility/DebugFloat2Values.uasset" 62
"../../../Engine/Content/Functions/Engine_MaterialFunctions02/ExampleContent/Textures/flipbook.uasset" 63
"../../../Engine/Content/Functions/Engine_MaterialFunctions02/Texturing/FlipBook.uasset" 64
"../../../Engine/Content/EditorMaterials/HelpActorMaterial.uasset" 65
"../../../Engine/Content/Functions/Engine_MaterialFunctions03/Procedurals/ComputeFilterWidth.uasset" 66
"../../../Engine/Content/EngineMaterials/BlendFunc_DefBlend.uasset" 67
"../../../Engine/Content/EngineMaterials/BlendFunc_DefBase.uasset" 68
"../../../Engine/Content/Functions/Engine_MaterialFunctions03/Blends/Blend_Screen.uasset" 69
"../../../Engine/Content/EditorMaterials/TilingAALineIntegral.uasset" 70
"../../../Engine/Content/EditorMaterials/TilingAALineBoxFiltered.uasset" 71
"../../../Engine/Content/EditorMaterials/TilingAAGrid.uasset" 72
"../../../Engine/Content/EditorMaterials/TilingAADots.uasset" 73
"../../../Engine/Content/EditorMaterials/CompositeARGBLayer.uasset" 74
"../../../Engine/Content/EditorMaterials/LevelGridMaterial.uasset" 75
"../../../Engine/Content/EditorResources/LevelGrid1DStripes.uasset" 76
"../../../Engine/Content/EditorMaterials/TextureGridCascaded1D.uasset" 77
"../../../Engine/Content/EditorMaterials/TextureGridCascaded2D.uasset" 78
"../../../Engine/Content/EditorMaterials/MakeCompositeARGBLayer.uasset" 79
"../../../Engine/Content/EditorMaterials/LevelGridMaterial2.uasset" 80
"../../../Engine/Content/EditorMaterials/MAT_Groups_Toggle.uasset" 81
"../../../Engine/Content/EditorMaterials/MAT_Groups_Visibility.uasset" 82
"../../../Engine/Content/EditorMaterials/PhAT_BoneSelectedMaterial.uasset" 83
"../../../Engine/Content/EditorMaterials/PhAT_ElemSelectedMaterial.uasset" 84
"../../../Engine/Content/EditorMaterials/PhAT_NoCollisionMaterial.uasset" 85
"../../../Engine/Content/EditorMaterials/PhAT_UnselectedMaterial.uasset" 86
"../../../Engine/Content/EditorMaterials/PreviewShadowIndicator.uasset" 87
"../../../Engine/Content/EditorMaterials/PreviewShadowIndicatorMaterial.uasset" 88
"../../../Engine/Content/EditorMaterials/TargetIcon.uasset" 89
"../../../Engine/Content/EditorMaterials/Tick.uasset" 90
"../../../Engine/Content/EditorMaterials/Tick_Mat.uasset" 91
"../../../Engine/Content/EditorMaterials/WidgetGridVertexColorMaterial.uasset" 92
"../../../Engine/Content/EditorMaterials/WidgetGridVertexColorMaterial_Ma.uasset" 93
"../../../Engine/Content/EditorMaterials/WidgetMaterial.uasset" 94
"../../../Engine/Content/EditorMaterials/WidgetMaterial_Current.uasset" 95
"../../../Engine/Content/EditorMaterials/WidgetMaterial_X.uasset" 96
"../../../Engine/Content/EditorMaterials/WidgetMaterial_Y.uasset" 97
"../../../Engine/Content/EditorMaterials/WidgetMaterial_Z.uasset" 98
"../../../Engine/Content/EditorMaterials/WidgetVertexColorMaterial.uasset" 99
"../../../Engine/Content/EditorMaterials/MatineeGroups/MAT_ColorTrack.uasset" 100
"../../../Engine/Content/EditorMaterials/MatineeGroups/MAT_Groups_Anim.uasset" 101
"../../../Engine/Content/EditorMaterials/MatineeGroups/MAT_Groups_AudioMaster.uasset" 102
"../../../Engine/Content/EditorMaterials/MatineeGroups/MAT_Groups_Director.uasset" 103
"../../../Engine/Content/EditorMaterials/MatineeGroups/MAT_Groups_Event.uasset" 104
"../../../Engine/Content/EditorMaterials/MatineeGroups/MAT_Groups_Fade.uasset" 105
"../../../Engine/Content/EditorMaterials/MatineeGroups/MAT_Groups_Float.uasset" 106
"../../../Engine/Content/EditorMaterials/MatineeGroups/MAT_Groups_Move.uasset" 107
"../../../Engine/Content/EditorMaterials/MatineeGroups/MAT_Groups_Slomo.uasset" 108
"../../../Engine/Content/EditorMaterials/MatineeGroups/MAT_Groups_Sound.uasset" 109
"../../../Engine/Content/EditorMaterials/MatineeGroups/MAT_Groups_Vector.uasset" 110
"../../../Engine/Content/EditorMaterials/ParticleSystems/PSysThumbnail_NoImage.uasset" 111
"../../../Engine/Content/EditorMaterials/ParticleSystems/PSysThumbnail_OOD.uasset" 112
"../../../Engine/Content/EngineMaterials/Grid.uasset" 113
"../../../Engine/Content/EditorMaterials/Thumbnails/FloorPlaneMaterial.uasset" 114
"../../../Engine/Content/EditorMeshes/EditorCube.uasset" 115
"../../../Engine/Content/EditorMeshes/EditorCylinder.uasset" 116
"../../../Engine/Content/EditorMeshes/EditorPlane.uasset" 117
"../../../Engine/Content/EditorMaterials/Thumbnails/SkySphereMaterial.uasset" 118
"../../../Engine/Content/EditorMeshes/EditorSkySphere.uasset" 119
"../../../Engine/Content/EditorMeshes/EditorSphere.uasset" 120
"../../../Engine/Content/EditorResources/MatineeCam_D.uasset" 121
"../../../Engine/Content/EditorMaterials/MatineeCam_mat.uasset" 122
"../../../Engine/Content/EditorMeshes/MatineeCam_SM.uasset" 123
"../../../Engine/Content/EditorMeshes/PlanarReflectionPlane.uasset" 124
"../../../Engine/Content/EngineDebugMaterials/M_SimpleOpaque.uasset" 125
"../../../Engine/Content/EditorMaterials/Camera/MI_CineMat_CamViewFinder.uasset" 126
"../../../Engine/Content/EditorMaterials/Camera/CineMat.uasset" 127
"../../../Engine/Content/EditorMaterials/Camera/MI_CineMat_CameraBody.uasset" 128
"../../../Engine/Content/EditorMeshes/Camera/SM_CineCam.uasset" 129
"../../../Engine/Content/EditorMaterials/Camera/MI_CineMat_Rig.uasset" 130
"../../../Engine/Content/EditorMeshes/Camera/SM_CraneRig_Arm.uasset" 131
"../../../Engine/Content/EditorMeshes/Camera/SM_CraneRig_Base.uasset" 132
"../../../Engine/Content/EditorMeshes/Camera/SM_CraneRig_Body.uasset" 133
"../../../Engine/Content/EditorMeshes/Camera/SM_CraneRig_Mount.uasset" 134
"../../../Engine/Content/EditorMeshes/Camera/SM_RailRig_Mount.uasset" 135
"../../../Engine/Content/EditorMeshes/Camera/SM_RailRig_Track.uasset" 136
"../../../Engine/Content/EditorMeshes/ColorCalibrator/M_ChromeBall.uasset" 137
"../../../Engine/Content/EditorResources/Bad.uasset" 138
"../../../Engine/Content/EditorResources/BSPVertex.uasset" 139
"../../../Engine/Content/EditorResources/EmptyActor.uasset" 140
"../../../Engine/Content/EditorResources/MatInstActSprite.uasset" 141
"../../../Engine/Content/EditorResources/SceneManager.uasset" 142
"../../../Engine/Content/EditorResources/SmallFont.uasset" 143
"../../../Engine/Content/EditorResources/S_Actor.uasset" 144
"../../../Engine/Content/EditorResources/S_CameraShakeSource.uasset" 145
"../../../Engine/Content/EditorResources/S_DecalActorIcon.uasset" 146
"../../../Engine/Content/EditorResources/S_Emitter.uasset" 147
"../../../Engine/Content/EditorResources/S_ExpoHeightFog.uasset" 148
"../../../Engine/Content/EditorResources/S_FTest.uasset" 149
"../../../Engine/Content/EditorResources/S_KBSJoint.uasset" 150
"../../../Engine/Content/EditorResources/S_KHinge.uasset" 151
"../../../Engine/Content/EditorResources/S_KPrismatic.uasset" 152
"../../../Engine/Content/EditorResources/S_LevelSequence.uasset" 153
"../../../Engine/Content/EditorResources/S_NavP.uasset" 154
"../../../Engine/Content/EditorResources/S_Note.uasset" 155
"../../../Engine/Content/EditorResources/S_Player.uasset" 156
"../../../Engine/Content/EditorResources/S_PortalActorIcon2.uasset" 157
"../../../Engine/Content/EditorResources/S_RadForce.uasset" 158
"../../../Engine/Content/EditorResources/S_ReflActorIcon.uasset" 159
"../../../Engine/Content/EditorResources/S_SkyAtmosphere.uasset" 160
"../../../Engine/Content/EditorResources/S_Solver.uasset" 161
"../../../Engine/Content/EditorResources/S_Terrain.uasset" 162
"../../../Engine/Content/EditorResources/S_TextRenderActorIcon.uasset" 163
"../../../Engine/Content/EditorResources/S_Thruster.uasset" 164
"../../../Engine/Content/EditorResources/S_Trigger.uasset" 165
"../../../Engine/Content/EditorResources/S_VectorFieldVol.uasset" 166
"../../../Engine/Content/EditorResources/S_VolumetricCloud.uasset" 167
"../../../Engine/Content/EditorResources/S_WindDirectional.uasset" 168
"../../../Engine/Content/EditorResources/AI/S_NavLink.uasset" 169
"../../../Engine/Content/EditorResources/LightIcons/SkyLight.uasset" 170
"../../../Engine/Content/EditorResources/LightIcons/S_LightDirectional.uasset" 171
"../../../Engine/Content/EditorResources/LightIcons/S_LightDirectionalMove.uasset" 172
"../../../Engine/Content/EditorResources/LightIcons/S_LightError.uasset" 173
"../../../Engine/Content/EditorResources/LightIcons/S_LightPoint.uasset" 174
"../../../Engine/Content/EditorResources/LightIcons/S_LightPointMove.uasset" 175
"../../../Engine/Content/EditorResources/LightIcons/S_LightSpot.uasset" 176
"../../../Engine/Content/EditorResources/LightIcons/S_LightSpotMove.uasset" 177
"../../../Engine/Content/EditorResources/SequenceRecorder/Countdown.uasset" 178
"../../../Engine/Content/EditorResources/SequenceRecorder/RecordingIndicator.uasset" 179
"../../../Engine/Content/EditorResources/Spline/T_Loft_Spline.uasset" 180
"../../../Engine/Content/EditorSounds/Notifications/CompileSuccess.uasset" 181
"../../../Engine/Content/EditorSounds/Notifications/CompileStart_Cue.uasset" 182
"../../../Engine/Content/EngineDamageTypes/DmgTypeBP_Environmental.uasset" 183
"../../../Engine/Content/EngineDebugMaterials/HeatmapGradient.uasset" 184
"../../../Engine/Content/EngineDebugMaterials/BoneWeightMaterial.uasset" 185
"../../../Engine/Content/EngineDebugMaterials/ClothMaterial.uasset" 186
"../../../Engine/Content/EngineDebugMaterials/ClothMaterial_WF.uasset" 187
"../../../Engine/Content/EngineDebugMaterials/DebugEditorMaterial.uasset" 188
"../../../Engine/Content/EngineDebugMaterials/DebugMeshMaterial.uasset" 189
"../../../Engine/Content/EngineDebugMaterials/GeomMaterial.uasset" 190
"../../../Engine/Content/Functions/Engine_MaterialFunctions01/Shading/ConvertFromDiffSpec.uasset" 191
"../../../Engine/Content/EngineDebugMaterials/LevelColorationLitMaterial.uasset" 192
"../../../Engine/Content/EngineDebugMaterials/LevelColorationUnlitMaterial.uasset" 193
"../../../Engine/Content/EngineMaterials/DefaultWhiteGrid.uasset" 194
"../../../Engine/Content/EngineDebugMaterials/MAT_LevelColorationLitLightmapUV.uasset" 195
"../../../Engine/Content/EngineDebugMaterials/M_SimpleUnlitTranslucent.uasset" 196
"../../../Engine/Content/EngineDebugMaterials/VolumeToRender.uasset" 197
"../../../Engine/Content/Functions/Engine_MaterialFunctions02/Utility/CameraDirectionVector.uasset" 198
"../../../Engine/Content/EngineDebugMaterials/M_VolumeRenderSphereTracePP.uasset" 199
"../../../Engine/Content/EngineMaterials/DefaultWhiteGrid_Low.uasset" 200
"../../../Engine/Content/EngineDebugMaterials/PhysicalMaterialMaskMaterial.uasset" 201
"../../../Engine/Content/EngineDebugMaterials/ShadedLevelColorationLitMaterial.uasset" 202
"../../../Engine/Content/EngineDebugMaterials/ShadedLevelColorationUnlitMateri.uasset" 203
"../../../Engine/Content/EngineDebugMaterials/VertexColorMaterial.uasset" 204
"../../../Engine/Content/EngineDebugMaterials/VertexColorViewMode_AlphaAsColor.uasset" 205
"../../../Engine/Content/EngineDebugMaterials/VertexColorViewMode_BlueOnly.uasset" 206
"../../../Engine/Content/EngineDebugMaterials/VertexColorViewMode_ColorOnly.uasset" 207
"../../../Engine/Content/EngineDebugMaterials/VertexColorViewMode_GreenOnly.uasset" 208
"../../../Engine/Content/EngineDebugMaterials/VertexColorViewMode_RedOnly.uasset" 209
"../../../Engine/Content/EngineDebugMaterials/WireframeMaterial.uasset" 210
"../../../Engine/Content/EngineFonts/Faces/RobotoRegular.uasset" 211
"../../../Engine/Content/EngineFonts/Faces/RobotoLight.uasset" 212
"../../../Engine/Content/EngineFonts/Faces/RobotoItalic.uasset" 213
"../../../Engine/Content/EngineFonts/Faces/RobotoBoldItalic.uasset" 214
"../../../Engine/Content/EngineFonts/Faces/RobotoBold.uasset" 215
"../../../Engine/Content/EngineFonts/Faces/DroidSansFallback.uasset" 216
"../../../Engine/Content/EngineFonts/Roboto.uasset" 217
"../../../Engine/Content/EngineFonts/Faces/RobotoTiny.uasset" 218
"../../../Engine/Content/EngineFonts/RobotoTiny.uasset" 219
"../../../Engine/Content/EngineFonts/SmallFont.uasset" 220
"../../../Engine/Content/EngineFonts/TinyFont.uasset" 221
"../../../Engine/Content/EngineMaterials/BaseFlattenNormalMap.uasset" 222
"../../../Engine/Content/EngineMaterials/BaseFlattenGrayscaleMap.uasset" 223
"../../../Engine/Content/EngineMaterials/BaseFlattenEmissiveMap.uasset" 224
"../../../Engine/Content/EngineMaterials/BaseFlattenDiffuseMap.uasset" 225
"../../../Engine/Content/EngineMaterials/BaseFlattenMaterial.uasset" 226
"../../../Engine/Content/EngineResources/WhiteSquareTexture.uasset" 227
"../../../Engine/Content/EngineMaterials/BlinkingCaret.uasset" 228
"../../../Engine/Content/EngineMaterials/BlueNoise.uasset" 229
"../../../Engine/Content/EngineMaterials/DefaultBloomKernel.uasset" 230
"../../../Engine/Content/EngineMaterials/DefaultBokeh.uasset" 231
"../../../Engine/Content/EngineMaterials/DefaultDeferredDecalMaterial.uasset" 232
"../../../Engine/Content/EngineMaterials/DefaultLightFunctionMaterial.uasset" 233
"../../../Engine/Content/EngineMaterials/DefaultPostProcessMaterial.uasset" 234
"../../../Engine/Content/EngineFonts/RobotoDistanceField.uasset" 235
"../../../Engine/Content/EngineMaterials/DefaultTextMaterialOpaque.uasset" 236
"../../../Engine/Content/EngineMaterials/EditorBrushMaterial.uasset" 237
"../../../Engine/Content/EngineMaterials/EmissiveMeshMaterial.uasset" 238
"../../../Engine/Content/EngineMaterials/GizmoMaterial.uasset" 239
"../../../Engine/Content/EngineMaterials/Grid_N.uasset" 240
"../../../Engine/Content/EngineMaterials/HighResolutionScreenshotMaskFunction.uasset" 241
"../../../Engine/Content/EngineMaterials/HighResScreenshot.uasset" 242
"../../../Engine/Content/EngineMaterials/HighResScreenshotCaptureRegion.uasset" 243
"../../../Engine/Content/EngineMaterials/HighResScreenshotMask.uasset" 244
"../../../Engine/Content/EngineMaterials/LandscapeHolePhysicalMaterial.uasset" 245
"../../../Engine/Content/EngineMaterials/InvalidLightmapSettings.uasset" 246
"../../../Engine/Content/EngineMaterials/M_InvalidLightmapSettings.uasset" 247
"../../../Engine/Content/EngineMaterials/PaperDiffuse.uasset" 248
"../../../Engine/Content/EngineMaterials/PaperNormal.uasset" 249
"../../../Engine/Content/Functions/Engine_MaterialFunctions02/WorldPositionOffset/CameraOffset.uasset" 250
"../../../Engine/Content/EngineMaterials/PhAT_JointLimitMaterial.uasset" 251
"../../../Engine/Content/EngineMaterials/PhysMat_Rubber.uasset" 252
"../../../Engine/Content/EngineMaterials/PreintegratedSkinBRDF.uasset" 253
"../../../Engine/Content/EngineMaterials/RemoveSurfaceMaterial.uasset" 254
"../../../Engine/Content/EngineMaterials/WeightMapPlaceholderTexture.uasset" 255
"../../../Engine/Content/Functions/Engine_MaterialFunctions01/ImageAdjustment/sRGBToLinear.uasset" 256
"../../../Engine/Content/Functions/Engine_MaterialFunctions02/Utility/BreakOutFloat3Components.uasset" 257
"../../../Engine/Content/EngineMaterials/Widget3DCameraPassThrough_Opaque_OneSided.uasset" 258
"../../../Engine/Content/EngineMaterials/Widget3DPassThrough.uasset" 259
"../../../Engine/Content/EngineMaterials/Widget3DPassThrough_Masked.uasset" 260
"../../../Engine/Content/EngineMaterials/Widget3DPassThrough_Opaque.uasset" 261
"../../../Engine/Content/EngineMaterials/Widget3DPassThrough_Masked_OneSided.uasset" 262
"../../../Engine/Content/EngineMaterials/Widget3DPassThrough_Opaque_OneSided.uasset" 263
"../../../Engine/Content/EngineMaterials/Widget3DPassThrough_Translucent.uasset" 264
"../../../Engine/Content/EngineMaterials/Widget3DPassThrough_Translucent_OneSided.uasset" 265
"../../../Engine/Content/EngineMeshes/Cube.uasset" 266
"../../../Engine/Content/EngineMeshes/Cylinder.uasset" 267
"../../../Engine/Content/EngineMeshes/Sphere.uasset" 268
"../../../Engine/Content/EngineResources/Black.uasset" 269
"../../../Engine/Content/EngineResources/DefaultTextureCube.uasset" 270
"../../../Engine/Content/EngineResources/DefaultVolumeTexture2D.uasset" 271
"../../../Engine/Content/EngineResources/DefaultVolumeTexture.uasset" 272
"../../../Engine/Content/EngineResources/GradientTexture0.uasset" 273
"../../../Engine/Content/EngineResources/StreamingPauseIcon.uasset" 274
"../../../Engine/Content/EngineResources/M_StreamingPause.uasset" 275
"../../../Engine/Content/EngineSky/VolumetricClouds/T_NoiseShape64.uasset" 276
"../../../Engine/Content/EngineSky/VolumetricClouds/T_VolumeNoiseShape64.uasset" 277
"../../../Engine/Content/EngineSky/VolumetricClouds/T_NoiseErosion.uasset" 278
"../../../Engine/Content/EngineSky/VolumetricClouds/T_VolumeNoiseErosion32.uasset" 279
"../../../Engine/Content/EngineSky/VolumetricClouds/CloudWeatherTexture.uasset" 280
"../../../Engine/Content/EngineSky/VolumetricClouds/CloudGradientTexture.uasset" 281
"../../../Engine/Content/EngineSky/VolumetricClouds/m_SimpleVolumetricCloud.uasset" 282
"../../../Engine/Content/EngineSky/VolumetricClouds/m_SimpleVolumetricCloud_Inst.uasset" 283
"../../../Engine/Content/EngineSounds/Master.uasset" 284
"../../../Engine/Content/Functions/Engine_MaterialFunctions01/Shading/PowerToRoughness.uasset" 285
"../../../Engine/Content/Maps/Templates/Thumbnails/Default.uasset" 286
"../../../Engine/Content/Maps/Templates/Thumbnails/TimeOfDay.uasset" 287
"../../../Engine/Content/Maps/Templates/Thumbnails/VR-Basic.uasset" 288
"../../../Engine/Content/MapTemplates/Sky/DaylightAmbientCubemap.uasset" 289
"../../../Engine/Content/MobileResources/T_MobileControls_texture.uasset" 290
"../../../Engine/Content/MobileResources/T_MobileMenu2.uasset" 291
"../../../Engine/Content/MobileResources/HUD/AnalogHat.uasset" 292
"../../../Engine/Content/MobileResources/HUD/VirtualJoystick_Thumb.uasset" 293
"../../../Engine/Content/MobileResources/HUD/VirtualJoystick_Background.uasset" 294
"../../../Engine/Content/MobileResources/HUD/DefaultVirtualJoysticks.uasset" 295
"../../../Engine/Content/MobileResources/HUD/LeftVirtualJoystickOnly.uasset" 296
"../../../Engine/Content/MobileResources/HUD/MobileHUDButton1_off.uasset" 297
"../../../Engine/Content/MobileResources/HUD/MobileHUDButton1_on.uasset" 298
"../../../Engine/Content/MobileResources/HUD/MobileHUDButton2_off.uasset" 299
"../../../Engine/Content/MobileResources/HUD/MobileHUDButton2_on.uasset" 300
"../../../Engine/Content/MobileResources/HUD/MobileHUDButton3.uasset" 301
"../../../Engine/Content/MobileResources/HUD/MobileHUDButtonFire.uasset" 302
"../../../Engine/Content/MobileResources/HUD/MobileHUDDirectionPad.uasset" 303
"../../../Engine/Content/MobileResources/HUD/MobileHUDDirectionPad2.uasset" 304
"../../../Engine/Content/MobileResources/HUD/MobileHUDDirectionPad3.uasset" 305
"../../../Engine/Content/MobileResources/HUD/MobileHUDDirectionStick.uasset" 306
"../../../Engine/Content/MobileResources/HUD/T_Castle_ThumbstickInner.uasset" 307
"../../../Engine/Content/MobileResources/HUD/T_Castle_ThumbstickOutter.uasset" 308
"../../../Engine/Content/Tutorial/ContentIntroCurve.uasset" 309
"../../../Engine/Content/Tutorial/Basics/LevelEditorAttract.uasset" 310
"../../../Engine/Content/Tutorial/Basics/TutorialAssets/icon_tab_Levels_40x.uasset" 311
"../../../Engine/Content/Tutorial/Basics/LevelEditorOverview.uasset" 312
"../../../Engine/Content/Tutorial/BlueprintTutorials/TutorialAssets/Blueprint_64x.uasset" 313
"../../../Engine/Content/Tutorial/BlueprintTutorials/BlueprintEditorTutorial.uasset" 314
"../../../Engine/Content/Tutorial/SubEditors/ParticleSystemEditorTutorial.uasset" 315
"../../../Engine/Content/Tutorial/SubEditors/StaticMeshEditorTutorial.uasset" 316
"../../../Engine/Content/Tutorial/SubEditors/TutorialAssets/T_soft_smoke.uasset" 317
"../../../Engine/Content/Tutorial/SubEditors/TutorialAssets/T_SmokeSubUV_8X8.uasset" 318
"../../../Engine/Content/Tutorial/SubEditors/TutorialAssets/M_smoke_subUV_blackbody.uasset" 319
"../../../Engine/Content/Tutorial/SubEditors/TutorialAssets/TutorialParticleSystem.uasset" 320
"../../../Engine/Content/VREditor/TransformGizmo/TranslucentTransformGizmoMaterial.uasset" 321
"../../../Engine/Content/VREditor/LaserPointer/VR_LaserPower_01.uasset" 322
"../../../Engine/Content/VREditor/TransformGizmo/TransformGizmoMaterial.uasset" 323
"../../../Engine/Content/VREditor/TransformGizmo/BoundingBoxCorner.uasset" 324
"../../../Engine/Content/VREditor/TransformGizmo/BoundingBoxEdge.uasset" 325
"../../../Engine/Content/VREditor/TransformGizmo/PlaneTranslationHandle.uasset" 326
"../../../Engine/Content/VREditor/TransformGizmo/Xray.uasset" 327
"../../../Engine/Content/VREditor/TransformGizmo/Main.uasset" 328
"../../../Engine/Content/VREditor/TransformGizmo/SM_Sequencer_Key.uasset" 329
"../../../Engine/Content/VREditor/TransformGizmo/SM_Sequencer_Node.uasset" 330
"../../../../../../Users/MrLloyd/Documents/Unreal Projects/EcmaTrials/Content/UI/WBP_WinScreen.uasset" 331
"../../../../../../Users/MrLloyd/Documents/Unreal Projects/EcmaTrials/Content/UI/WBP_LoseScreen.uasset" 332
"../../../../../../Users/MrLloyd/Documents/Unreal Projects/EcmaTrials/Content/UI/WBP_HUD.uasset" 333
"../../../../../../Users/MrLloyd/Documents/Unreal Projects/EcmaTrials/Content/BP_EcmaPlayerController.uasset" 334
"../../../Engine/Content/EditorBlueprintResources/StandardMacros.uasset" 335
"../../../../../../Users/MrLloyd/Documents/Unreal Projects/EcmaTrials/Content/UI/WBP_PauseMenu.uasset" 336
"../../../../../../Users/MrLloyd/Documents/Unreal Projects/EcmaTrials/Content/AssetPacks/ShooterGame/Sounds/Weapon_AssaultRifle/Mono/Weapon_AssaultRifle_ImpactConcrete05.uasset" 337
"../../../../../../Users/MrLloyd/Documents/Unreal Projects/EcmaTrials/Content/AssetPacks/ModularSciFiSeason1/StarterBundle/ModularScifiProps/Textures/T_Keyboard_UI_EM.uasset" 338
"../../../../../../Users/MrLloyd/Documents/Unreal Projects/EcmaTrials/Content/AssetPacks/ModularSciFiSeason1/StarterBundle/ModularScifiProps/Textures/T_LoginScreen_EM.uasset" 339
"../../../../../../Users/MrLloyd/Documents/Unreal Projects/EcmaTrials/Content/AssetPacks/ModularSciFiSeason1/StarterBundle/ModularScifiProps/Materials/M_Screen_Parent.uasset" 340
"../../../../../../Users/MrLloyd/Documents/Unreal Projects/EcmaTrials/Content/AssetPacks/ModularSciFiSeason1/StarterBundle/ModularScifiProps/Materials/MI_Keyboard_Scre.uasset" 341
"../../../../../../Users/MrLloyd/Documents/Unreal Projects/EcmaTrials/Content/AssetPacks/ModularSciFiSeason1/StarterBundle/ModularScifiProps/Materials/MI_Screen_Lapt_Off.uasset" 342
"../../../../../../Users/MrLloyd/Documents/Unreal Projects/EcmaTrials/Content/AssetPacks/ModularSciFiSeason1/StarterBundle/ModularScifiProps/Textures/T_CardReader_M.uasset" 343
"../../../../../../Users/MrLloyd/Documents/Unreal Projects/EcmaTrials/Content/AssetPacks/ModularSciFiSeason1/StarterBundle/ModularScifiProps/Textures/T_CardReader_Diff.uasset" 344
"../../../../../../Users/MrLloyd/Documents/Unreal Projects/EcmaTrials/Content/AssetPacks/ModularSciFiSeason1/StarterBundle/ModularScifiProps/Textures/T_Lapt_Scre_N_normals.uasset" 345
"../../../../../../Users/MrLloyd/Documents/Unreal Projects/EcmaTrials/Content/AssetPacks/ModularSciFiSeason1/StarterBundle/ModularScifiProps/Textures/T_Lapt_Scre_M.uasset" 346
"../../../../../../Users/MrLloyd/Documents/Unreal Projects/EcmaTrials/Content/AssetPacks/ModularSciFiSeason1/StarterBundle/ModularScifiProps/Textures/T_Lapt_Scre_Diff.uasset" 347
"../../../../../../Users/MrLloyd/Documents/Unreal Projects/EcmaTrials/Content/AssetPacks/ModularSciFiSeason1/StarterBundle/ModularScifiProps/Textures/T_Metal_Brushed_N.uasset" 348
"../../../../../../Users/MrLloyd/Documents/Unreal Projects/EcmaTrials/Content/AssetPacks/ModularSciFiSeason1/StarterBundle/ModularScifiProps/Textures/T_LampEmissive.uasset" 349
"../../../../../../Users/MrLloyd/Documents/Unreal Projects/EcmaTrials/Content/AssetPacks/ModularSciFiSeason1/StarterBundle/ModularScifiProps/Textures/T_Metal_Brushed_M.uasset" 350
"../../../../../../Users/MrLloyd/Documents/Unreal Projects/EcmaTrials/Content/AssetPacks/ModularSciFiSeason1/StarterBundle/ModularScifiProps/Textures/T_CardReader_N_normals.uasset" 351
"../../../Engine/Content/Functions/Engine_MaterialFunctions01/ImageAdjustment/CheapContrast_RGB.uasset" 352
"../../../../../../Users/MrLloyd/Documents/Unreal Projects/EcmaTrials/Content/AssetPacks/ModularSciFiSeason1/StarterBundle/ModularScifiProps/Materials/M_Base_3C.uasset" 353
"../../../../../../Users/MrLloyd/Documents/Unreal Projects/EcmaTrials/Content/AssetPacks/ModularSciFiSeason1/StarterBundle/ModularScifiProps/Materials/MI_Laptop_Scre.uasset" 354
"../../../../../../Users/MrLloyd/Documents/Unreal Projects/EcmaTrials/Content/AssetPacks/ModularSciFiSeason1/StarterBundle/ModularScifiProps/Textures/T_Lapt_Keyb_N_normals.uasset" 355
"../../../../../../Users/MrLloyd/Documents/Unreal Projects/EcmaTrials/Content/AssetPacks/ModularSciFiSeason1/StarterBundle/ModularScifiProps/Textures/T_Lapt_Keyb_M.uasset" 356
"../../../../../../Users/MrLloyd/Documents/Unreal Projects/EcmaTrials/Content/AssetPacks/ModularSciFiSeason1/StarterBundle/ModularScifiProps/Textures/T_Lapt_Keyb_Diff.uasset" 357
"../../../../../../Users/MrLloyd/Documents/Unreal Projects/EcmaTrials/Content/AssetPacks/ModularSciFiSeason1/StarterBundle/ModularScifiProps/Materials/MI_Laptop_Keyb.uasset" 358
"../../../../../../Users/MrLloyd/Documents/Unreal Projects/EcmaTrials/Content/AssetPacks/ModularSciFiSeason1/StarterBundle/ModularScifiProps/Meshes/SM_Laptop_Closed.uasset" 359
"../../../../../../Users/MrLloyd/Documents/Unreal Projects/EcmaTrials/Content/AssetPacks/ModularSciFiSeason1/StarterBundle/ModularScifiProps/Meshes/SM_Laptop.uasset" 360
"../../../../../../Users/MrLloyd/Documents/Unreal Projects/EcmaTrials/Content/BP_Laptop.uasset" 361
"../../../../../../Users/MrLloyd/Documents/Unreal Projects/EcmaTrials/Content/AI/BB_EnemyAI.uasset" 362
"../../../../../../Users/MrLloyd/Documents/Unreal Projects/EcmaTrials/Content/AI/BT_EnemyAI.uasset" 363
"../../../../../../Users/MrLloyd/Documents/Unreal Projects/EcmaTrials/Content/AI/BP_EcmaAIController.uasset" 364
"../../../../../../Users/MrLloyd/Documents/Unreal Projects/EcmaTrials/Content/CloseCombatAnimSet/Mannequin/Character/Mesh/UE4_Mannequin_Skeleton.uasset" 365
"../../../Engine/Content/Animation/DefaultAnimCurveCompressionSettings.uasset" 366
"../../../Engine/Content/Animation/DefaultAnimBoneCompressionSettings.uasset" 367
"../../../../../../Users/MrLloyd/Documents/Unreal Projects/EcmaTrials/Content/CloseCombatAnimSet/Mannequin/Animations/OpenLaptop.uasset" 368
"../../../../../../Users/MrLloyd/Documents/Unreal Projects/EcmaTrials/Content/CloseCombatAnimSet/Mannequin/Animations/OpenLaptop_Montage.uasset" 369
"../../../../../../Users/MrLloyd/Documents/Unreal Projects/EcmaTrials/Content/CloseCombatAnimSet/Animations/InPlace/HitReactions/NinjaKnockdownBack.uasset" 370
"../../../../../../Users/MrLloyd/Documents/Unreal Projects/EcmaTrials/Content/CloseCombatAnimSet/Animations/InPlace/HitReactions/NinjaKnockdownBack_Montage.uasset" 371
"../../../../../../Users/MrLloyd/Documents/Unreal Projects/EcmaTrials/Content/CloseCombatAnimSet/Mannequin/Character/Mesh/SK_Mannequin_Physics.uasset" 372
"../../../../../../Users/MrLloyd/Documents/Unreal Projects/EcmaTrials/Content/CloseCombatAnimSet/Mannequin/Character/Textures/UE4Man_Logo_N.uasset" 373
"../../../../../../Users/MrLloyd/Documents/Unreal Projects/EcmaTrials/Content/CloseCombatAnimSet/Mannequin/Character/Textures/UE4_Mannequin_MAT_MASKA.uasset" 374
"../../../../../../Users/MrLloyd/Documents/Unreal Projects/EcmaTrials/Content/CloseCombatAnimSet/Mannequin/Character/Textures/UE4_Mannequin__normals.uasset" 375
"../../../../../../Users/MrLloyd/Documents/Unreal Projects/EcmaTrials/Content/CloseCombatAnimSet/Mannequin/Character/Materials/MaterialLayers/T_ML_Aluminum01_N.uasset" 376
"../../../../../../Users/MrLloyd/Documents/Unreal Projects/EcmaTrials/Content/CloseCombatAnimSet/Mannequin/Character/Materials/MaterialLayers/T_ML_Aluminum01.uasset" 377
"../../../../../../Users/MrLloyd/Documents/Unreal Projects/EcmaTrials/Content/CloseCombatAnimSet/Mannequin/Character/Materials/MaterialLayers/ML_SoftMetal_UE4.uasset" 378
"../../../../../../Users/MrLloyd/Documents/Unreal Projects/EcmaTrials/Content/CloseCombatAnimSet/Mannequin/Character/Textures/UE4_LOGO_CARD.uasset" 379
"../../../../../../Users/MrLloyd/Documents/Unreal Projects/EcmaTrials/Content/CloseCombatAnimSet/Mannequin/Character/Materials/MaterialLayers/ML_Plastic_Shiny_Beige_LOGO.uasset" 380
"../../../../../../Users/MrLloyd/Documents/Unreal Projects/EcmaTrials/Content/CloseCombatAnimSet/Mannequin/Character/Materials/MaterialLayers/ML_Plastic_Shiny_Beige.uasset" 381
"../../../../../../Users/MrLloyd/Documents/Unreal Projects/EcmaTrials/Content/CloseCombatAnimSet/Mannequin/Character/Materials/MaterialLayers/T_ML_Rubber_Blue_01_N.uasset" 382
"../../../../../../Users/MrLloyd/Documents/Unreal Projects/EcmaTrials/Content/CloseCombatAnimSet/Mannequin/Character/Materials/MaterialLayers/T_ML_Rubber_Blue_01_D.uasset" 383
"../../../../../../Users/MrLloyd/Documents/Unreal Projects/EcmaTrials/Content/CloseCombatAnimSet/Mannequin/Character/Materials/MaterialLayers/ML_GlossyBlack_Latex_UE4.uasset" 384
"../../../Engine/Content/Functions/MaterialLayerFunctions/MatLayerBlend_Simple.uasset" 385
"../../../Engine/Content/Functions/Engine_MaterialFunctions02/Utility/BlendAngleCorrectedNormals.uasset" 386
"../../../Engine/Content/Functions/MaterialLayerFunctions/MatLayerBlend_NormalBlend.uasset" 387
"../../../../../../Users/MrLloyd/Documents/Unreal Projects/EcmaTrials/Content/CloseCombatAnimSet/Mannequin/Character/Materials/M_UE4Man_Body.uasset" 388
"../../../../../../Users/MrLloyd/Documents/Unreal Projects/EcmaTrials/Content/CloseCombatAnimSet/Mannequin/Character/Materials/M_UE4Man_ChestLogo.uasset" 389
"../../../../../../Users/MrLloyd/Documents/Unreal Projects/EcmaTrials/Content/CloseCombatAnimSet/Mannequin/Character/Mesh/SK_Mannequin.uasset" 390
"../../../../../../Users/MrLloyd/Documents/Unreal Projects/EcmaTrials/Content/CloseCombatAnimSet/Animations/InPlace/Attacks/NinjaCutDownKick.uasset" 391
"../../../../../../Users/MrLloyd/Documents/Unreal Projects/EcmaTrials/Content/CloseCombatAnimSet/Mannequin/Animations/LaptopRun.uasset" 392
"../../../../../../Users/MrLloyd/Documents/Unreal Projects/EcmaTrials/Content/CloseCombatAnimSet/Mannequin/Animations/LaptopIdle.uasset" 393
"../../../../../../Users/MrLloyd/Documents/Unreal Projects/EcmaTrials/Content/CloseCombatAnimSet/Animations/RootMotion/Locomotion/Strafe/LaptopStrafeRight.uasset" 394
"../../../../../../Users/MrLloyd/Documents/Unreal Projects/EcmaTrials/Content/CloseCombatAnimSet/Animations/RootMotion/Locomotion/Strafe/LaptopStrafeLeft.uasset" 395
"../../../../../../Users/MrLloyd/Documents/Unreal Projects/EcmaTrials/Content/CloseCombatAnimSet/Animations/RootMotion/Locomotion/Run/LaptopRunRight.uasset" 396
"../../../../../../Users/MrLloyd/Documents/Unreal Projects/EcmaTrials/Content/CloseCombatAnimSet/Animations/RootMotion/Locomotion/Run/LaptopRunBackwards.uasset" 397
"../../../../../../Users/MrLloyd/Documents/Unreal Projects/EcmaTrials/Content/CloseCombatAnimSet/Animations/InPlace/Locomotion/Walk/LaptopWalkForwards.uasset" 398
"../../../../../../Users/MrLloyd/Documents/Unreal Projects/EcmaTrials/Content/CloseCombatAnimSet/Animations/InPlace/Locomotion/Walk/LaptopWalkBackwards.uasset" 399
"../../../../../../Users/MrLloyd/Documents/Unreal Projects/EcmaTrials/Content/CloseCombatAnimSet/Animations/InPlace/Locomotion/Run/LaptopRunLeft.uasset" 400
"../../../../../../Users/MrLloyd/Documents/Unreal Projects/EcmaTrials/Content/BS_Walking.uasset" 401
"../../../../../../Users/MrLloyd/Documents/Unreal Projects/EcmaTrials/Content/CloseCombatAnimSet/Animations/RootMotion/Attacks/NinjaRightCross.uasset" 402
"../../../../../../Users/MrLloyd/Documents/Unreal Projects/EcmaTrials/Content/CloseCombatAnimSet/Animations/InPlace/Locomotion/Jump/NinjaJumpUp.uasset" 403
"../../../../../../Users/MrLloyd/Documents/Unreal Projects/EcmaTrials/Content/CloseCombatAnimSet/Animations/InPlace/Locomotion/Jump/NinjaJumpLand.uasset" 404
"../../../../../../Users/MrLloyd/Documents/Unreal Projects/EcmaTrials/Content/CloseCombatAnimSet/Animations/InPlace/Locomotion/Jump/NinjaJumpFalling.uasset" 405
"../../../../../../Users/MrLloyd/Documents/Unreal Projects/EcmaTrials/Content/CloseCombatAnimSet/Animations/InPlace/Attacks/NinjaRightCross.uasset" 406
"../../../../../../Users/MrLloyd/Documents/Unreal Projects/EcmaTrials/Content/AssetPacks/ParagonWraith/Characters/Heroes/Wraith/Meshes/Wraith_Skeleton.uasset" 407
"../../../../../../Users/MrLloyd/Documents/Unreal Projects/EcmaTrials/Content/AssetPacks/ParagonWraith/Characters/Heroes/Wraith/Animations/Locomotion_Combat/Jog_Right_Combat.uasset" 408
"../../../../../../Users/MrLloyd/Documents/Unreal Projects/EcmaTrials/Content/AssetPacks/ParagonWraith/Characters/Heroes/Wraith/Animations/Locomotion_Combat/Jog_Left_Combat.uasset" 409
"../../../../../../Users/MrLloyd/Documents/Unreal Projects/EcmaTrials/Content/AssetPacks/ParagonWraith/Characters/Heroes/Wraith/Animations/Locomotion_Combat/Jog_Fwd_Combat.uasset" 410
"../../../../../../Users/MrLloyd/Documents/Unreal Projects/EcmaTrials/Content/AssetPacks/ParagonWraith/Characters/Heroes/Wraith/Animations/Locomotion_Combat/Jog_Bwd_Combat.uasset" 411
"../../../../../../Users/MrLloyd/Documents/Unreal Projects/EcmaTrials/Content/AssetPacks/ParagonWraith/Characters/Heroes/Wraith/Animations/Idle_Ability_RMB.uasset" 412
"../../../../../../Users/MrLloyd/Documents/Unreal Projects/EcmaTrials/Content/AssetPacks/ParagonWraith/Characters/Heroes/Wraith/Animations/Ability_RMB_Walk_Right.uasset" 413
"../../../../../../Users/MrLloyd/Documents/Unreal Projects/EcmaTrials/Content/AssetPacks/ParagonWraith/Characters/Heroes/Wraith/Animations/Ability_RMB_Walk_Left.uasset" 414
"../../../../../../Users/MrLloyd/Documents/Unreal Projects/EcmaTrials/Content/AssetPacks/ParagonWraith/Characters/Heroes/Wraith/Animations/Ability_RMB_Walk_Fwd.uasset" 415
"../../../../../../Users/MrLloyd/Documents/Unreal Projects/EcmaTrials/Content/AssetPacks/ParagonWraith/Characters/Heroes/Wraith/Animations/Ability_RMB_Walk_Bwd.uasset" 416
"../../../../../../Users/MrLloyd/Documents/Unreal Projects/EcmaTrials/Content/BS_Locomotion.uasset" 417
"../../../../../../Users/MrLloyd/Documents/Unreal Projects/EcmaTrials/Content/AssetPacks/ParagonWraith/Characters/Heroes/Wraith/Animations/Locomotion_Combat/Jump_Start_Combat.uasset" 418
"../../../../../../Users/MrLloyd/Documents/Unreal Projects/EcmaTrials/Content/AssetPacks/ParagonWraith/Characters/Heroes/Wraith/Animations/Locomotion_Combat/Jump_Land_Combat.uasset" 419
"../../../../../../Users/MrLloyd/Documents/Unreal Projects/EcmaTrials/Content/AssetPacks/ParagonWraith/Characters/Heroes/Wraith/Animations/Locomotion_Combat/Jump_Apex_Combat.uasset" 420
"../../../../../../Users/MrLloyd/Documents/Unreal Projects/EcmaTrials/Content/AssetPacks/ParagonWraith/Characters/Heroes/Wraith/Animations/Death_Forward.uasset" 421
"../../../../../../Users/MrLloyd/Documents/Unreal Projects/EcmaTrials/Content/AssetPacks/ParagonWraith/Characters/Heroes/Wraith/Animations/Locomotion_Combat/AO/Idle_AO_CC_Combat.uasset" 422
"../../../../../../Users/MrLloyd/Documents/Unreal Projects/EcmaTrials/Content/AssetPacks/ParagonWraith/Characters/Heroes/Wraith/Animations/Locomotion_Combat/AO/Idle_AO_RU_Combat.uasset" 423
"../../../../../../Users/MrLloyd/Documents/Unreal Projects/EcmaTrials/Content/AssetPacks/ParagonWraith/Characters/Heroes/Wraith/Animations/Locomotion_Combat/AO/Idle_AO_RD_Combat.uasset" 424
"../../../../../../Users/MrLloyd/Documents/Unreal Projects/EcmaTrials/Content/AssetPacks/ParagonWraith/Characters/Heroes/Wraith/Animations/Locomotion_Combat/AO/Idle_AO_RC_Combat.uasset" 425
"../../../../../../Users/MrLloyd/Documents/Unreal Projects/EcmaTrials/Content/AssetPacks/ParagonWraith/Characters/Heroes/Wraith/Animations/Locomotion_Combat/AO/Idle_AO_LU_Combat.uasset" 426
"../../../../../../Users/MrLloyd/Documents/Unreal Projects/EcmaTrials/Content/AssetPacks/ParagonWraith/Characters/Heroes/Wraith/Animations/Locomotion_Combat/AO/Idle_AO_LD_Combat.uasset" 427
"../../../../../../Users/MrLloyd/Documents/Unreal Projects/EcmaTrials/Content/AssetPacks/ParagonWraith/Characters/Heroes/Wraith/Animations/Locomotion_Combat/AO/Idle_AO_LC_Combat.uasset" 428
"../../../../../../Users/MrLloyd/Documents/Unreal Projects/EcmaTrials/Content/AssetPacks/ParagonWraith/Characters/Heroes/Wraith/Animations/Locomotion_Combat/AO/Idle_AO_CU_Combat.uasset" 429
"../../../../../../Users/MrLloyd/Documents/Unreal Projects/EcmaTrials/Content/AssetPacks/ParagonWraith/Characters/Heroes/Wraith/Animations/Locomotion_Combat/AO/Idle_AO_CD_Combat.uasset" 430
"../../../../../../Users/MrLloyd/Documents/Unreal Projects/EcmaTrials/Content/AssetPacks/ParagonWraith/Characters/Heroes/Wraith/Animations/Locomotion_Combat/Idle_Combat.uasset" 431
"../../../../../../Users/MrLloyd/Documents/Unreal Projects/EcmaTrials/Content/AssetPacks/ParagonWraith/Characters/Heroes/Wraith/Animations/Locomotion_Combat/AO/Idle_AO_Combat.uasset" 432
"../../../../../../Users/MrLloyd/Documents/Unreal Projects/EcmaTrials/Content/ABP_EcmaCharacterNew.uasset" 433
"../../../../../../Users/MrLloyd/Documents/Unreal Projects/EcmaTrials/Content/BP_EcmaCharacter.uasset" 434
"../../../../../../Users/MrLloyd/Documents/Unreal Projects/EcmaTrials/Content/BP_EcmaLinearGameMode.uasset" 435
"../../../../../../Users/MrLloyd/Documents/Unreal Projects/EcmaTrials/Content/AssetPacks/ParagonWraith/Characters/Heroes/Wraith/Meshes/Wraith_ShadowCyl.uasset" 436
"../../../../../../Users/MrLloyd/Documents/Unreal Projects/EcmaTrials/Content/AssetPacks/ParagonWraith/Characters/Heroes/Wraith/Meshes/Wraith_Extents.uasset" 437
"../../../../../../Users/MrLloyd/Documents/Unreal Projects/EcmaTrials/Content/AssetPacks/ParagonWraith/Characters/Heroes/Wraith/Textures/T_Wraith_Upperbody_RGBA.uasset" 438
"../../../../../../Users/MrLloyd/Documents/Unreal Projects/EcmaTrials/Content/AssetPacks/ParagonWraith/Characters/Heroes/Wraith/Textures/T_Wraith_upperbody_N_DEMO.uasset" 439
"../../../../../../Users/MrLloyd/Documents/Unreal Projects/EcmaTrials/Content/AssetPacks/ParagonWraith/Characters/Heroes/Wraith/Textures/T_Wraith_UpperBody_Mask2.uasset" 440
"../../../../../../Users/MrLloyd/Documents/Unreal Projects/EcmaTrials/Content/AssetPacks/ParagonWraith/Characters/Heroes/Wraith/Textures/T_Wraith_UpperBody_Mask.uasset" 441
"../../../../../../Users/MrLloyd/Documents/Unreal Projects/EcmaTrials/Content/AssetPacks/ParagonWraith/Characters/Heroes/Wraith/Materials/MLayer/T_TireRubber_R.uasset" 442
"../../../../../../Users/MrLloyd/Documents/Unreal Projects/EcmaTrials/Content/AssetPacks/ParagonWraith/Characters/Heroes/Wraith/Textures/T_Wraith_BackPackbody_RGBA.uasset" 443
"../../../../../../Users/MrLloyd/Documents/Unreal Projects/EcmaTrials/Content/AssetPacks/ParagonWraith/Characters/Global/MaterialLayers/Rubber/T_ML_FineRubber_N.uasset" 444
"../../../Engine/Content/Functions/Engine_MaterialFunctions01/Texturing/FlattenNormal.uasset" 445
"../../../../../../Users/MrLloyd/Documents/Unreal Projects/EcmaTrials/Content/AssetPacks/ParagonWraith/Characters/Heroes/Wraith/Materials/MLayer/ML_Wraithlatex.uasset" 446
"../../../../../../Users/MrLloyd/Documents/Unreal Projects/EcmaTrials/Content/AssetPacks/ParagonWraith/Characters/Heroes/Wraith/Textures/T_ElectroHex_Tile.uasset" 447
"../../../../../../Users/MrLloyd/Documents/Unreal Projects/EcmaTrials/Content/AssetPacks/ParagonWraith/Characters/Global/MaterialLayers/Synthetics/ML_SimpleEmissive_underGlass.uasset" 448
"../../../../../../Users/MrLloyd/Documents/Unreal Projects/EcmaTrials/Content/AssetPacks/ParagonWraith/Characters/Global/MaterialLayers/Painted/T_PaintScratches.uasset" 449
"../../../../../../Users/MrLloyd/Documents/Unreal Projects/EcmaTrials/Content/AssetPacks/ParagonWraith/Characters/Global/MaterialFunctions/MF_Character_MaterialLayerQuality.uasset" 450
"../../../../../../Users/MrLloyd/Documents/Unreal Projects/EcmaTrials/Content/AssetPacks/ParagonWraith/Characters/Global/MaterialLayers/Painted/ML_MetallicClearCoat.uasset" 451
"../../../../../../Users/MrLloyd/Documents/Unreal Projects/EcmaTrials/Content/AssetPacks/ParagonWraith/Characters/Global/MaterialLayers/Metal/T_ML_Aluminum01_N.uasset" 452
"../../../../../../Users/MrLloyd/Documents/Unreal Projects/EcmaTrials/Content/AssetPacks/ParagonWraith/Characters/Global/MaterialLayers/Metal/T_ML_Aluminum01.uasset" 453
"../../../../../../Users/MrLloyd/Documents/Unreal Projects/EcmaTrials/Content/AssetPacks/ParagonWraith/Characters/Global/MaterialFunctions/MaterialLayerConstructors/MF_RoughnessAdjustment.uasset" 454
"../../../../../../Users/MrLloyd/Documents/Unreal Projects/EcmaTrials/Content/AssetPacks/ParagonWraith/Characters/Global/MaterialFunctions/MaterialLayerConstructors/MF_BaseColorTintAndContrast.uasset" 455
"../../../Engine/Content/Functions/Engine_MaterialFunctions01/Shading/MetallicShading.uasset" 456
"../../../../../../Users/MrLloyd/Documents/Unreal Projects/EcmaTrials/Content/AssetPacks/ParagonWraith/Characters/Global/MaterialLayers/Metal/ML_SoftMetal01.uasset" 457
"../../../../../../Users/MrLloyd/Documents/Unreal Projects/EcmaTrials/Content/AssetPacks/ParagonWraith/Characters/Global/MaterialLayers/Metal/T_ScratchMask.uasset" 458
"../../../../../../Users/MrLloyd/Documents/Unreal Projects/EcmaTrials/Content/AssetPacks/ParagonWraith/Characters/Global/MaterialLayers/Metal/T_Noise_Rough_Dark_Big.uasset" 459
"../../../../../../Users/MrLloyd/Documents/Unreal Projects/EcmaTrials/Content/AssetPacks/ParagonWraith/Characters/Global/MaterialLayers/Metal/T_Metal_Scratched_Circular_01_N.uasset" 460
"../../../../../../Users/MrLloyd/Documents/Unreal Projects/EcmaTrials/Content/AssetPacks/ParagonWraith/Characters/Global/MaterialLayers/Metal/T_Metal_Scratched_Circular_01_COLOR.uasset" 461
"../../../../../../Users/MrLloyd/Documents/Unreal Projects/EcmaTrials/Content/AssetPacks/ParagonWraith/Characters/Global/MaterialLayers/Metal/ML_Metal_Scratched_Circular.uasset" 462
"../../../Engine/Content/EngineMaterials/DefaultNormal.uasset" 463
"../../../../../../Users/MrLloyd/Documents/Unreal Projects/EcmaTrials/Content/AssetPacks/ParagonWraith/Characters/Global/MaterialFunctions/MaterialLayerConstructors/MLC_Standard.uasset" 464
"../../../Engine/Content/Functions/Engine_MaterialFunctions03/Blends/Lerp_ScratchGrime.uasset" 465
"../../../../../../Users/MrLloyd/Documents/Unreal Projects/EcmaTrials/Content/AssetPacks/ParagonWraith/Characters/Global/MaterialFunctions/MaterialLayerConstructors/MLC_ScratchAndGrime.uasset" 466
"../../../../../../Users/MrLloyd/Documents/Unreal Projects/EcmaTrials/Content/AssetPacks/ParagonWraith/Characters/Global/MaterialLayers/Rubber/T_Blank_N.uasset" 467
"../../../../../../Users/MrLloyd/Documents/Unreal Projects/EcmaTrials/Content/AssetPacks/ParagonWraith/Characters/Global/MaterialLayers/Metal/T_Blue_Metal02.uasset" 468
"../../../../../../Users/MrLloyd/Documents/Unreal Projects/EcmaTrials/Content/AssetPacks/ParagonWraith/Characters/Global/MaterialLayers/T_TestML_Mask.uasset" 469
"../../../../../../Users/MrLloyd/Documents/Unreal Projects/EcmaTrials/Content/AssetPacks/ParagonWraith/Characters/Global/MaterialLayers/ML__Blank.uasset" 470
"../../../Engine/Content/Functions/MaterialLayerFunctions/MatLayerBlend_Standard.uasset" 471
"../../../Engine/Content/Functions/MaterialLayerFunctions/MatLayerBlend_BreakBaseColor.uasset" 472
"../../../Engine/Content/Functions/MaterialLayerFunctions/MatLayerBlend_OverrideBaseColor.uasset" 473
"../../../../../../Users/MrLloyd/Documents/Unreal Projects/EcmaTrials/Content/AssetPacks/ParagonWraith/Characters/Global/MaterialLayers/Metal/ML_blue_Metal.uasset" 474
"../../../../../../Users/MrLloyd/Documents/Unreal Projects/EcmaTrials/Content/AssetPacks/ParagonWraith/Characters/Global/T_Black_Linear.uasset" 475
"../../../../../../Users/MrLloyd/Documents/Unreal Projects/EcmaTrials/Content/AssetPacks/ParagonWraith/Characters/Global/MaterialFunctions/MF_OrionCharacterAO.uasset" 476
"../../../../../../Users/MrLloyd/Documents/Unreal Projects/EcmaTrials/Content/AssetPacks/ParagonWraith/Characters/Global/ParameterCollections/OrionGlobalGameplayCollection.uasset" 477
"../../../Engine/Content/Functions/MaterialLayerFunctions/MatLayerBlend_Emissive.uasset" 478
"../../../../../../Users/MrLloyd/Documents/Unreal Projects/EcmaTrials/Content/AssetPacks/ParagonWraith/Characters/Global/MaterialFunctions/MF_OrionRimlight.uasset" 479
"../../../Engine/Content/Functions/MaterialLayerFunctions/MatLayerBlend_Tint.uasset" 480
"../../../../../../Users/MrLloyd/Documents/Unreal Projects/EcmaTrials/Content/AssetPacks/ParagonWraith/Characters/Global/MaterialFunctions/MF_HitFlash.uasset" 481
"../../../../../../Users/MrLloyd/Documents/Unreal Projects/EcmaTrials/Content/AssetPacks/ParagonWraith/Characters/Global/MaterialFunctions/Textures/T_AtmosphericCloudNoise03.uasset" 482
"../../../../../../Users/MrLloyd/Documents/Unreal Projects/EcmaTrials/Content/AssetPacks/ParagonWraith/Characters/Global/MaterialFunctions/Textures/T_AtmosphericCloudNoise01_N.uasset" 483
"../../../../../../Users/MrLloyd/Documents/Unreal Projects/EcmaTrials/Content/AssetPacks/ParagonWraith/Characters/Global/MaterialFunctions/Textures/T_AtmosphericCloudNoise01.uasset" 484
"../../../Engine/Content/Functions/Engine_MaterialFunctions01/Gradient/LinearGradient.uasset" 485
"../../../Engine/Content/Functions/Engine_MaterialFunctions01/ImageAdjustment/CheapContrast.uasset" 486
"../../../Engine/Content/Functions/Engine_MaterialFunctions01/Texturing/WorldAlignedTexture.uasset" 487
"../../../Engine/Content/Functions/Engine_MaterialFunctions02/Texturing/ScreenAlignedPixelToPixelUVs.uasset" 488
"../../../Engine/Content/EngineMaterials/Good64x64TilingNoiseHighFreq.uasset" 489
"../../../Engine/Content/Functions/Engine_MaterialFunctions02/Utility/DitherTemporalAA.uasset" 490
"../../../../../../Users/MrLloyd/Documents/Unreal Projects/EcmaTrials/Content/AssetPacks/ParagonWraith/Characters/Global/MaterialFunctions/MF_DeathFade.uasset" 491
"../../../../../../Users/MrLloyd/Documents/Unreal Projects/EcmaTrials/Content/AssetPacks/ParagonWraith/Characters/Global/MaterialFunctions/MF_BrightnessAdjust.uasset" 492
"../../../../../../Users/MrLloyd/Documents/Unreal Projects/EcmaTrials/Content/AssetPacks/ParagonWraith/Characters/Global/MaterialFunctions/MF_CharacterEffects.uasset" 493
"../../../Engine/Content/Functions/MaterialLayerFunctions/MatLayerBlend_BakedNormal.uasset" 494
"../../../Engine/Content/Functions/MaterialLayerFunctions/MatLayerBlend_TenLayerBlend.uasset" 495
"../../../Engine/Content/Functions/MaterialLayerFunctions/MatLayerBlend_ModulateRoughness.uasset" 496
"../../../Engine/Content/Functions/Engine_MaterialFunctions02/Texturing/CustomRotator.uasset" 497
"../../../../../../Users/MrLloyd/Documents/Unreal Projects/EcmaTrials/Content/AssetPacks/ParagonWraith/Characters/Heroes/Wraith/Materials/M_Wraith_Upperbody.uasset" 498
"../../../../../../Users/MrLloyd/Documents/Unreal Projects/EcmaTrials/Content/AssetPacks/ParagonWraith/Characters/Heroes/Wraith/Textures/T_Wraith_Lowerbody_RGBA.uasset" 499
"../../../../../../Users/MrLloyd/Documents/Unreal Projects/EcmaTrials/Content/AssetPacks/ParagonWraith/Characters/Heroes/Wraith/Textures/T_Wraith_lowerbody_N_DEMO.uasset" 500
"../../../../../../Users/MrLloyd/Documents/Unreal Projects/EcmaTrials/Content/AssetPacks/ParagonWraith/Characters/Heroes/Wraith/Textures/T_Wraith_LowerBody_Mask2.uasset" 501
"../../../../../../Users/MrLloyd/Documents/Unreal Projects/EcmaTrials/Content/AssetPacks/ParagonWraith/Characters/Heroes/Wraith/Textures/T_Wraith_LowerBody_Mask.uasset" 502
"../../../../../../Users/MrLloyd/Documents/Unreal Projects/EcmaTrials/Content/AssetPacks/ParagonWraith/Characters/Global/MaterialLayers/Metal/T_ML_Aluminum_01_N.uasset" 503
"../../../Engine/Content/EngineMaterials/FlatNormal.uasset" 504
"../../../../../../Users/MrLloyd/Documents/Unreal Projects/EcmaTrials/Content/AssetPacks/ParagonWraith/Characters/Global/MaterialLayers/Metal/T_hardmetal2_D.uasset" 505
"../../../../../../Users/MrLloyd/Documents/Unreal Projects/EcmaTrials/Content/AssetPacks/ParagonWraith/Characters/Global/MaterialFunctions/MaterialLayerConstructors/MLC_SolidValues.uasset" 506
"../../../../../../Users/MrLloyd/Documents/Unreal Projects/EcmaTrials/Content/AssetPacks/ParagonWraith/Characters/Global/MaterialLayers/Metal/ML_LowContrastHardMetal.uasset" 507
"../../../../../../Users/MrLloyd/Documents/Unreal Projects/EcmaTrials/Content/AssetPacks/ParagonWraith/Characters/Heroes/Wraith/Materials/M_Wraith_Lowerbody.uasset" 508
"../../../../../../Users/MrLloyd/Documents/Unreal Projects/EcmaTrials/Content/AssetPacks/ParagonWraith/Characters/Heroes/Wraith/Textures/T_Wraith_Gun_RGB.uasset" 509
"../../../../../../Users/MrLloyd/Documents/Unreal Projects/EcmaTrials/Content/AssetPacks/ParagonWraith/Characters/Heroes/Wraith/Textures/T_Wraith_gun_N_DEMO.uasset" 510
"../../../../../../Users/MrLloyd/Documents/Unreal Projects/EcmaTrials/Content/AssetPacks/ParagonWraith/Characters/Heroes/Wraith/Textures/T_Wraith_Gun_Mask2.uasset" 511
"../../../../../../Users/MrLloyd/Documents/Unreal Projects/EcmaTrials/Content/AssetPacks/ParagonWraith/Characters/Heroes/Wraith/Textures/T_Wraith_Gun_Mask.uasset" 512
"../../../../../../Users/MrLloyd/Documents/Unreal Projects/EcmaTrials/Content/AssetPacks/ParagonWraith/Characters/Global/MaterialLayers/Metal/T_Rough_Metal_N.uasset" 513
"../../../../../../Users/MrLloyd/Documents/Unreal Projects/EcmaTrials/Content/AssetPacks/ParagonWraith/Characters/Global/MaterialLayers/Metal/T_Primer_Black_Metal2.uasset" 514
"../../../../../../Users/MrLloyd/Documents/Unreal Projects/EcmaTrials/Content/AssetPacks/ParagonWraith/Characters/Global/MaterialLayers/Metal/T_Blank_N.uasset" 515
"../../../../../../Users/MrLloyd/Documents/Unreal Projects/EcmaTrials/Content/AssetPacks/ParagonWraith/Characters/Heroes/Wraith/Materials/MLayer/ML_WraithGunmetal02.uasset" 516
"../../../../../../Users/MrLloyd/Documents/Unreal Projects/EcmaTrials/Content/AssetPacks/ParagonWraith/Characters/Global/MaterialLayers/Metal/T_Wraith_Body_Color_Overlay.uasset" 517
"../../../../../../Users/MrLloyd/Documents/Unreal Projects/EcmaTrials/Content/AssetPacks/ParagonWraith/Characters/Global/MaterialLayers/Metal/ML_Gray_Gun_Metal4.uasset" 518
"../../../../../../Users/MrLloyd/Documents/Unreal Projects/EcmaTrials/Content/AssetPacks/ParagonWraith/Characters/Heroes/Wraith/Materials/M_Wraith_Gun.uasset" 519
"../../../../../../Users/MrLloyd/Documents/Unreal Projects/EcmaTrials/Content/AssetPacks/ParagonWraith/Characters/Heroes/Wraith/Textures/T_Wraith_backpack_N_DEMO.uasset" 520
"../../../../../../Users/MrLloyd/Documents/Unreal Projects/EcmaTrials/Content/AssetPacks/ParagonWraith/Characters/Heroes/Wraith/Textures/T_Wraith_Backpack_Mask2.uasset" 521
"../../../../../../Users/MrLloyd/Documents/Unreal Projects/EcmaTrials/Content/AssetPacks/ParagonWraith/Characters/Heroes/Wraith/Textures/T_Wraith_Backpack_Mask.uasset" 522
"../../../../../../Users/MrLloyd/Documents/Unreal Projects/EcmaTrials/Content/AssetPacks/ParagonWraith/Characters/Heroes/Wraith/Textures/T_Wraith_Emissive_Mask.uasset" 523
"../../../../../../Users/MrLloyd/Documents/Unreal Projects/EcmaTrials/Content/AssetPacks/ParagonWraith/Characters/Heroes/Wraith/Materials/MLayer/MF_Wraith_Emissive_Fade.uasset" 524
"../../../../../../Users/MrLloyd/Documents/Unreal Projects/EcmaTrials/Content/AssetPacks/ParagonWraith/Characters/Heroes/Wraith/Materials/M_Wraith_Backpack.uasset" 525
"../../../../../../Users/MrLloyd/Documents/Unreal Projects/EcmaTrials/Content/AssetPacks/ParagonWraith/Characters/Heroes/Wraith/Meshes/Wraith.uasset" 526
"../../../../../../Users/MrLloyd/Documents/Unreal Projects/EcmaTrials/Content/Fonts/FiraMono-Regular.uasset" 527
"../../../../../../Users/MrLloyd/Documents/Unreal Projects/EcmaTrials/Content/Fonts/FiraMono-Regular_Font.uasset" 528
"../../../../../../Users/MrLloyd/Documents/Unreal Projects/EcmaTrials/Content/UI/WBP_EnemyIntro.uasset" 529
"../../../../../../Users/MrLloyd/Documents/Unreal Projects/EcmaTrials/Content/Materials/CodeEditor/EditorBackground.uasset" 530
"../../../../../../Users/MrLloyd/Documents/Unreal Projects/EcmaTrials/Content/UI/WBP_TutorialText.uasset" 531
"../../../../../../Users/MrLloyd/Documents/Unreal Projects/EcmaTrials/Content/StringTables/TutorialText.uasset" 532
"../../../../../../Users/MrLloyd/Documents/Unreal Projects/EcmaTrials/Content/BP_TutorialManager.uasset" 533
"../../../../../../Users/MrLloyd/Documents/Unreal Projects/EcmaTrials/Content/Cinematics/Sequences/BooleanSpawn_LS.uasset" 534
"../../../../../../Users/MrLloyd/Documents/Unreal Projects/EcmaTrials/Content/Cinematics/Sequences/FinalSpawn_LS.uasset" 535
"../../../../../../Users/MrLloyd/Documents/Unreal Projects/EcmaTrials/Content/Cinematics/Sequences/NullSpawn_LS.uasset" 536
"../../../../../../Users/MrLloyd/Documents/Unreal Projects/EcmaTrials/Content/Cinematics/Sequences/NumberSpawn_LS.uasset" 537
"../../../../../../Users/MrLloyd/Documents/Unreal Projects/EcmaTrials/Content/Cinematics/Sequences/StringSpawn_LS.uasset" 538
"../../../../../../Users/MrLloyd/Documents/Unreal Projects/EcmaTrials/Content/UI/WBP_EnemyHealthBar.uasset" 539
"../../Plugins/2D/Paper2D/Content/PlaceholderTextures/DummySpriteTexture.uasset" 540
"../../Plugins/2D/Paper2D/Content/DummySprite.uasset" 541
"../../Plugins/2D/Paper2D/Content/DefaultPaperTerrainMaterial.uasset" 542
"../../Plugins/2D/Paper2D/Content/DefaultSpriteMaterial.uasset" 543
"../../Plugins/2D/Paper2D/Content/MaskedUnlitSpriteMaterial.uasset" 544
"../../Plugins/2D/Paper2D/Content/OpaqueUnlitSpriteMaterial.uasset" 545
"../../Plugins/Editor/SpeedTreeImporter/Content/SpeedTree9/UnpackInteger3.uasset" 546
"../../Plugins/Editor/SpeedTreeImporter/Content/SpeedTree9/UnpackDirection.uasset" 547
"../../Plugins/Editor/SpeedTreeImporter/Content/SpeedTree9/game_wind_noise.uasset" 548
"../../../Engine/Content/Functions/Engine_MaterialFunctions02/SafeNormalize.uasset" 549
"../../Plugins/Editor/SpeedTreeImporter/Content/SpeedTree9/SpeedTreeWindMotion.uasset" 550
"../../Plugins/Editor/SpeedTreeImporter/Content/SpeedTree9/SpeedTreeBranchMotion.uasset" 551
"../../../Engine/Content/Functions/Engine_MaterialFunctions02/ObjectLocalBounds.uasset" 552
"../../../Engine/Content/Functions/Engine_MaterialFunctions02/UVs/BoundingBoxBased_0-1_UVW.uasset" 553
"../../Plugins/Editor/SpeedTreeImporter/Content/SpeedTree9/SpeedTreeWind.uasset" 554
"../../Plugins/Editor/SpeedTreeImporter/Content/SpeedTree9/SpeedTreeBillboard.uasset" 555
"../../../Engine/Content/EngineResources/DefaultTexture.uasset" 556
"../../Plugins/Editor/SpeedTreeImporter/Content/SpeedTree9/SpeedTreeBillboardMaster.uasset" 557
"../../Plugins/Editor/SpeedTreeImporter/Content/SpeedTree9/SpeedTreeCameraFacing.uasset" 558
"../../Plugins/Editor/SpeedTreeImporter/Content/SpeedTree9/SpeedTreeMaster.uasset" 559
"../../Plugins/FX/Niagara/Content/Enums/ENiagaraCoordinateSpace.uasset" 560
"../../Plugins/FX/Niagara/Content/Enums/ENiagaraOrientationAxis.uasset" 561
"../../Plugins/FX/Niagara/Content/Enums/ENiagaraRandomnessMode.uasset" 562
"../../Plugins/FX/Niagara/Content/Icons/S_ParticleSystem.uasset" 563
"../../../Engine/Content/BasicShapes/Cylinder.uasset" 564
"../../../Engine/Content/ArtTools/RenderToTexture/Materials/Debug/M_Emissive_Color.uasset" 565
"../../Plugins/Lumin/MagicLeapPassableWorld/Content/MagicLeapARPinInfoActor.uasset" 566
"../../../Engine/Content/Functions/Engine_MaterialFunctions02/Utility/BreakOutFloat4Components.uasset" 567
"../../Plugins/Runtime/Oculus/OculusVR/Content/Materials/OculusMR_ChromaKey.uasset" 568
"../../Plugins/Runtime/Oculus/OculusVR/Content/Materials/OculusMR_OpaqueColoredMaterial.uasset" 569
"../../Plugins/Runtime/Oculus/OculusVR/Content/Materials/PokeAHoleMaterial.uasset" 570
"../../Plugins/Runtime/Oculus/OculusVR/Content/Textures/touchController_controlmap.uasset" 571
"../../Plugins/Runtime/Oculus/OculusVR/Content/Textures/touchController_albedo.uasset" 572
"../../Plugins/Runtime/Oculus/OculusVR/Content/Materials/touchController_mat.uasset" 573
"../../Plugins/Runtime/Oculus/OculusVR/Content/Meshes/LeftTouchController.uasset" 574
"../../Plugins/Runtime/Oculus/OculusVR/Content/Textures/TouchForQuestRiftSController_albedo.uasset" 575
"../../Plugins/Runtime/Oculus/OculusVR/Content/Materials/TouchForQuestRiftSControllerMaterial.uasset" 576
"../../Plugins/Runtime/Oculus/OculusVR/Content/Meshes/LeftTouchForQuestRiftSController.uasset" 577
"../../Plugins/Runtime/Oculus/OculusVR/Content/Meshes/RiftHMD.uasset" 578
"../../Plugins/Runtime/Oculus/OculusVR/Content/Meshes/RightTouchController.uasset" 579
"../../Plugins/Runtime/Oculus/OculusVR/Content/Meshes/RightTouchForQuestRiftSController.uasset" 580
"../../../Engine/Content/Maps/Entry_BuiltData.uasset" 581
"../../../Engine/Content/Maps/Entry.umap" 582
"../../../../../../Users/MrLloyd/Documents/Unreal Projects/EcmaTrials/Content/UI/WBP_SkipMessage.uasset" 583
"../../../Engine/Content/Functions/Engine_MaterialFunctions01/Texturing/BitMask.uasset" 584
"../../../Engine/Content/Functions/Engine_MaterialFunctions02/SampleSceneDepth.uasset" 585
"../../../Engine/Content/Functions/Engine_MaterialFunctions01/ImageAdjustment/BlurSampleOffsets.uasset" 586
"../../../../../../Users/MrLloyd/Documents/Unreal Projects/EcmaTrials/Content/Materials/Level/PM_Outlines.uasset" 587
"../../../../../../Users/MrLloyd/Documents/Unreal Projects/EcmaTrials/Content/Materials/Level/PM_Outlines_Inst.uasset" 588
"../../../../../../Users/MrLloyd/Documents/Unreal Projects/EcmaTrials/Content/Sandbox2_BuiltData.uasset" 589
"../../../../../../Users/MrLloyd/Documents/Unreal Projects/EcmaTrials/Content/Cinematics/Sequences/IntroLevelSequence_LS.uasset" 590
"../../../../../../Users/MrLloyd/Documents/Unreal Projects/EcmaTrials/Content/DataTables/NumberCodeTable.uasset" 591
"../../../../../../Users/MrLloyd/Documents/Unreal Projects/EcmaTrials/Content/DataTables/NullCodeTable.uasset" 592
"../../../../../../Users/MrLloyd/Documents/Unreal Projects/EcmaTrials/Content/SpawnPoint.uasset" 593
"../../../../../../Users/MrLloyd/Documents/Unreal Projects/EcmaTrials/Content/Materials/Level/M_LevelSurface.uasset" 594
"../../../../../../Users/MrLloyd/Documents/Unreal Projects/EcmaTrials/Content/Materials/Level/M_Floor.uasset" 595
"../../../../../../Users/MrLloyd/Documents/Unreal Projects/EcmaTrials/Content/Meshes/SM_FloorSquare.uasset" 596
"../../../../../../Users/MrLloyd/Documents/Unreal Projects/EcmaTrials/Content/Modular/FloorTile_BP.uasset" 597
"../../../../../../Users/MrLloyd/Documents/Unreal Projects/EcmaTrials/Content/DataTables/StringCodeTable.uasset" 598
"../../../../../../Users/MrLloyd/Documents/Unreal Projects/EcmaTrials/Content/Meshes/SM_SmallWalkway.uasset" 599
"../../../../../../Users/MrLloyd/Documents/Unreal Projects/EcmaTrials/Content/Modular/SmallWalkway_BP.uasset" 600
"../../../../../../Users/MrLloyd/Documents/Unreal Projects/EcmaTrials/Content/Meshes/SM_SmallRoom.uasset" 601
"../../../../../../Users/MrLloyd/Documents/Unreal Projects/EcmaTrials/Content/Modular/SmallRoom_BP.uasset" 602
"../../../../../../Users/MrLloyd/Documents/Unreal Projects/EcmaTrials/Content/Meshes/SM_SmallCorridor.uasset" 603
"../../../../../../Users/MrLloyd/Documents/Unreal Projects/EcmaTrials/Content/Modular/SmallCorridor_BP.uasset" 604
"../../../../../../Users/MrLloyd/Documents/Unreal Projects/EcmaTrials/Content/Meshes/SM_OneSidedTile.uasset" 605
"../../../../../../Users/MrLloyd/Documents/Unreal Projects/EcmaTrials/Content/Modular/OneSidedTile_BP.uasset" 606
"../../../../../../Users/MrLloyd/Documents/Unreal Projects/EcmaTrials/Content/UI/WBP_TutorialCardText.uasset" 607
"../../../../../../Users/MrLloyd/Documents/Unreal Projects/EcmaTrials/Content/BP_TutorialCard.uasset" 608
"../../../../../../Users/MrLloyd/Documents/Unreal Projects/EcmaTrials/Content/BP_LevelTrigger.uasset" 609
"../../../../../../Users/MrLloyd/Documents/Unreal Projects/EcmaTrials/Content/BP_HttpService.uasset" 610
"../../../../../../Users/MrLloyd/Documents/Unreal Projects/EcmaTrials/Content/Materials/M_Hologram.uasset" 611
"../../../../../../Users/MrLloyd/Documents/Unreal Projects/EcmaTrials/Content/Materials/M_Hologram_Inst.uasset" 612
"../../../../../../Users/MrLloyd/Documents/Unreal Projects/EcmaTrials/Content/Meshes/SM_ForceField.uasset" 613
"../../../../../../Users/MrLloyd/Documents/Unreal Projects/EcmaTrials/Content/BP_ForceField.uasset" 614
"../../../../../../Users/MrLloyd/Documents/Unreal Projects/EcmaTrials/Content/DataTables/BooleanRequiredCodeTable.uasset" 615
"../../../../../../Users/MrLloyd/Documents/Unreal Projects/EcmaTrials/Content/UI/DT_CodeEditorStyles.uasset" 616
"../../../../../../Users/MrLloyd/Documents/Unreal Projects/EcmaTrials/Content/UI/WBP_CodeEditorSpeedType.uasset" 617
"../../../../../../Users/MrLloyd/Documents/Unreal Projects/EcmaTrials/Content/AssetPacks/ShooterGame/Sounds/Weapon_AssaultRifle/Mono/Weapon_AssaultRifle_ImpactConcrete01.uasset" 618
"../../../../../../Users/MrLloyd/Documents/Unreal Projects/EcmaTrials/Content/AssetPacks/ParagonWraith/FX/Meshes/Smoke/SM_Plasma_Mesh.uasset" 619
"../../../../../../Users/MrLloyd/Documents/Unreal Projects/EcmaTrials/Content/AssetPacks/ParagonWraith/FX/Meshes/MuzzleFlashes/SM_Muzzle_Flash.uasset" 620
"../../../../../../Users/MrLloyd/Documents/Unreal Projects/EcmaTrials/Content/AssetPacks/ParagonWraith/FX/Textures/MuzzleFlashes/T_Muzzle_Flash.uasset" 621
"../../../../../../Users/MrLloyd/Documents/Unreal Projects/EcmaTrials/Content/AssetPacks/ParagonWraith/FX/Materials/MaterialFunctions/Textures/Noise/T_noise_flamy_Tile_NRM.uasset" 622
"../../../Engine/Content/Functions/Engine_MaterialFunctions01/ImageAdjustment/DeriveHDRfromLDR.uasset" 623
"../../../../../../Users/MrLloyd/Documents/Unreal Projects/EcmaTrials/Content/AssetPacks/ParagonWraith/FX/Materials/Heroes/M_Wraith_Muzzle_Flash.uasset" 624
"../../../../../../Users/MrLloyd/Documents/Unreal Projects/EcmaTrials/Content/AssetPacks/ParagonWraith/FX/Textures/Sparks/T_Spark_Soft.uasset" 625
"../../../../../../Users/MrLloyd/Documents/Unreal Projects/EcmaTrials/Content/AssetPacks/ParagonWraith/FX/Materials/Functions/FX_EmissiveModulate.uasset" 626
"../../../../../../Users/MrLloyd/Documents/Unreal Projects/EcmaTrials/Content/AssetPacks/ParagonWraith/FX/Materials/Sparks/M_Hotdog_Spark_VLerp_MASTER.uasset" 627
"../../../../../../Users/MrLloyd/Documents/Unreal Projects/EcmaTrials/Content/AssetPacks/ParagonWraith/FX/Textures/Smoke/T_PriceSmoke_01_Depth.uasset" 628
"../../../../../../Users/MrLloyd/Documents/Unreal Projects/EcmaTrials/Content/AssetPacks/ParagonWraith/FX/Textures/Smoke/T_WraithSmoke_01_N.uasset" 629
"../../../../../../Users/MrLloyd/Documents/Unreal Projects/EcmaTrials/Content/AssetPacks/ParagonWraith/FX/Textures/Explosions/HyperBreach/T_FireBall_07D_N.uasset" 630
"../../../../../../Users/MrLloyd/Documents/Unreal Projects/EcmaTrials/Content/AssetPacks/ParagonWraith/FX/Textures/Explosions/HyperBreach/T_FireBall_07D_Depth.uasset" 631
"../../../../../../Users/MrLloyd/Documents/Unreal Projects/EcmaTrials/Content/AssetPacks/ParagonWraith/FX/Materials/Smoke/DirectionalLit/M_ResidualMuzzleSmoke_Master.uasset" 632
"../../../../../../Users/MrLloyd/Documents/Unreal Projects/EcmaTrials/Content/AssetPacks/ParagonWraith/FX/Materials/Smoke/DirectionalLit/M_residualMuzzleSmoke_Inst.uasset" 633
"../../../../../../Users/MrLloyd/Documents/Unreal Projects/EcmaTrials/Content/AssetPacks/ParagonWraith/FX/Textures/NormalShapes/T_Sphere_N.uasset" 634
"../../../../../../Users/MrLloyd/Documents/Unreal Projects/EcmaTrials/Content/AssetPacks/ParagonWraith/FX/Textures/Masks/T_Sphere_A.uasset" 635
"../../../../../../Users/MrLloyd/Documents/Unreal Projects/EcmaTrials/Content/AssetPacks/ParagonWraith/FX/Materials/Functions/MF_FX_NearCameraFade.uasset" 636
"../../../../../../Users/MrLloyd/Documents/Unreal Projects/EcmaTrials/Content/AssetPacks/ParagonWraith/FX/Materials/Functions/MF_DitheredRefraction.uasset" 637
"../../../../../../Users/MrLloyd/Documents/Unreal Projects/EcmaTrials/Content/AssetPacks/ParagonWraith/FX/Materials/HeatDistort/M_Shockwave_Refract.uasset" 638
"../../../../../../Users/MrLloyd/Documents/Unreal Projects/EcmaTrials/Content/AssetPacks/ParagonWraith/FX/Materials/Flares/M_Lensflare_TB_SoftGlow.uasset" 639
"../../../../../../Users/MrLloyd/Documents/Unreal Projects/EcmaTrials/Content/AssetPacks/ParagonWraith/FX/Textures/Flares/T_Flare_Spikeball.uasset" 640
"../../../../../../Users/MrLloyd/Documents/Unreal Projects/EcmaTrials/Content/AssetPacks/ParagonWraith/FX/Materials/Flares/M_Lensflare_TB_Soft.uasset" 641
"../../../Engine/Content/EngineMaterials/OrientParticle.uasset" 642
"../../../Engine/Content/EngineMaterials/DefaultParticle.uasset" 643
"../../../../../../Users/MrLloyd/Documents/Unreal Projects/EcmaTrials/Content/AssetPacks/ParagonWraith/FX/Particles/Abilities/Primary/FX/P_Wraith_Primary_MuzzleFlash.uasset" 644
"../../../../../../Users/MrLloyd/Documents/Unreal Projects/EcmaTrials/Content/BP_EcmaEnemyCharacter.uasset" 645
"../../../../../../Users/MrLloyd/Documents/Unreal Projects/EcmaTrials/Content/UI/WBP_CodeEditor.uasset" 646
"../../../../../../Users/MrLloyd/Documents/Unreal Projects/EcmaTrials/Content/ModularSciFiOffice/Textures/Switch_03/T_Normal.uasset" 647
"../../../../../../Users/MrLloyd/Documents/Unreal Projects/EcmaTrials/Content/ModularSciFiOffice/Textures/Switch_03/T_Emissive.uasset" 648
"../../../../../../Users/MrLloyd/Documents/Unreal Projects/EcmaTrials/Content/ModularSciFiOffice/Textures/Switch_03/T_BaseColor.uasset" 649
"../../../../../../Users/MrLloyd/Documents/Unreal Projects/EcmaTrials/Content/ModularSciFiOffice/Textures/Switch_03/T_AORM.uasset" 650
"../../../../../../Users/MrLloyd/Documents/Unreal Projects/EcmaTrials/Content/ModularSciFiOffice/Textures/Common/T_Template_BaseColor.uasset" 651
"../../../../../../Users/MrLloyd/Documents/Unreal Projects/EcmaTrials/Content/ModularSciFiOffice/Textures/Common/T_Template_AORM.uasset" 652
"../../../../../../Users/MrLloyd/Documents/Unreal Projects/EcmaTrials/Content/ModularSciFiOffice/Textures/Common/T_Template_Normal.uasset" 653
"../../../Engine/Content/Functions/Engine_MaterialFunctions02/Texturing/HeightLerpWithTwoHeightMaps.uasset" 654
"../../../Engine/Content/Functions/Engine_MaterialFunctions02/Math/CreateThirdOrthogonalVector.uasset" 655
"../../../Engine/Content/Functions/Engine_MaterialFunctions02/Math/Transform3x3Matrix.uasset" 656
"../../../Engine/Content/Functions/Engine_MaterialFunctions02/WorldAlignedNormals_HighQuality.uasset" 657
"../../../Engine/Content/EngineMaterials/DefaultNormal_Uncompressed.uasset" 658
"../../../Engine/Content/Functions/Engine_MaterialFunctions02/Texturing/WorldAlignedTextures_Complex.uasset" 659
"../../../../../../Users/MrLloyd/Documents/Unreal Projects/EcmaTrials/Content/ModularSciFiOffice/Materials/Master/M_UVTiling.uasset" 660
"../../../../../../Users/MrLloyd/Documents/Unreal Projects/EcmaTrials/Content/ModularSciFiOffice/Materials/Master/MI_UVTiling_Inst.uasset" 661
"../../../../../../Users/MrLloyd/Documents/Unreal Projects/EcmaTrials/Content/ModularSciFiOffice/Materials/Switches/MI_Switch_03.uasset" 662
"../../../../../../Users/MrLloyd/Documents/Unreal Projects/EcmaTrials/Content/ModularSciFiOffice/Meshes/Switches/SM_Switch_03.uasset" 663
"../../../../../../Users/MrLloyd/Documents/Unreal Projects/EcmaTrials/Content/BP_AccessPanel.uasset" 664
"../../../Engine/Content/EngineSky/T_Sky_Stars.uasset" 665
"../../../Engine/Content/EngineSky/T_Sky_Clouds_M.uasset" 666
"../../../Engine/Content/EngineSky/T_Sky_Blue.uasset" 667
"../../../Engine/Content/EngineSky/M_Sky_Panning_Clouds2.uasset" 668
"../../../Engine/Content/EngineSky/SM_SkySphere.uasset" 669
"../../../Engine/Content/EngineSky/C_Sky_Zenith_Color.uasset" 670
"../../../Engine/Content/EngineSky/C_Sky_Horizon_Color.uasset" 671
"../../../Engine/Content/EngineSky/C_Sky_Cloud_Color.uasset" 672
"../../../Engine/Content/EngineSky/BP_Sky_Sphere.uasset" 673
"../../../../../../Users/MrLloyd/Documents/Unreal Projects/EcmaTrials/Content/Sandbox2.umap" 674
